TN:
SF:src/DocumentEngine.sol
FN:25,DocumentEngine.setDocument
FNDA:27,DocumentEngine.setDocument
DA:31,26
DA:31,26
FN:37,DocumentEngine.removeDocument
FNDA:2,DocumentEngine.removeDocument
DA:41,1
DA:41,1
FN:47,DocumentEngine.batchSetDocuments
FNDA:8,DocumentEngine.batchSetDocuments
DA:54,7
DA:54,7
DA:54,7
DA:54,7
DA:54,7
DA:55,6
DA:55,6
DA:56,5
DA:56,5
DA:57,4
DA:57,4
BRDA:53,0,0,3
BRDA:53,0,1,4
DA:59,3
DA:59,3
DA:61,4
DA:61,4
DA:61,12
DA:61,8
DA:62,8
DA:62,8
FN:69,DocumentEngine.batchSetDocuments
FNDA:5,DocumentEngine.batchSetDocuments
DA:76,4
DA:76,4
DA:76,4
DA:76,4
DA:76,3
DA:77,2
DA:77,2
BRDA:75,1,0,2
BRDA:75,1,1,2
DA:79,2
DA:79,2
DA:81,2
DA:81,2
DA:81,6
DA:81,4
DA:82,4
DA:82,4
FN:89,DocumentEngine.batchRemoveDocuments
FNDA:4,DocumentEngine.batchRemoveDocuments
DA:94,3
DA:94,3
DA:94,3
BRDA:93,2,0,2
BRDA:93,2,1,1
DA:97,2
DA:97,2
DA:100,1
DA:100,1
DA:100,3
DA:100,2
DA:101,2
DA:101,2
FN:108,DocumentEngine.batchRemoveDocuments
FNDA:3,DocumentEngine.batchRemoveDocuments
DA:113,2
DA:113,2
BRDA:112,3,0,1
BRDA:112,3,1,1
DA:115,1
DA:115,1
DA:118,1
DA:118,1
DA:118,3
DA:118,2
DA:119,2
DA:119,2
FN:127,DocumentEngine.getDocument
FNDA:1,DocumentEngine.getDocument
DA:130,1
DA:130,1
DA:130,1
FN:136,DocumentEngine.getDocument
FNDA:19,DocumentEngine.getDocument
DA:140,19
DA:140,19
DA:140,19
FN:146,DocumentEngine.getAllDocuments
FNDA:1,DocumentEngine.getAllDocuments
DA:152,1
DA:152,1
FN:158,DocumentEngine.getAllDocuments
FNDA:7,DocumentEngine.getAllDocuments
DA:161,7
DA:161,7
FN:169,DocumentEngine.hasRole
FNDA:0,DocumentEngine.hasRole
DA:174,49
DA:174,49
BRDA:174,4,0,43
BRDA:174,4,1,6
DA:175,43
DA:175,43
DA:177,6
DA:177,6
DA:177,6
FN:187,DocumentEngine._getDocument
FNDA:20,DocumentEngine._getDocument
DA:191,20
DA:191,20
DA:192,20
DA:192,20
FN:198,DocumentEngine._removeDocumentName
FNDA:5,DocumentEngine._removeDocumentName
DA:202,5
DA:202,5
DA:203,5
DA:203,5
DA:203,5
DA:203,0
DA:204,5
DA:204,5
BRDA:204,5,0,-
BRDA:204,5,1,5
DA:205,5
DA:205,5
DA:208,5
DA:208,5
DA:209,5
DA:209,5
FN:214,DocumentEngine._removeDocument
FNDA:5,DocumentEngine._removeDocument
DA:215,5
DA:215,5
DA:216,5
DA:216,5
DA:218,5
DA:218,5
DA:219,5
DA:219,5
FN:222,DocumentEngine._setDocument
FNDA:38,DocumentEngine._setDocument
DA:228,38
DA:228,38
DA:229,38
DA:229,38
BRDA:229,6,0,29
BRDA:229,6,1,38
DA:231,29
DA:231,29
DA:233,38
DA:233,38
DA:234,38
DA:234,38
DA:235,38
DA:235,38
DA:236,38
DA:236,38
FNF:15
FNH:14
LF:48
LH:48
BRF:14
BRH:13
end_of_record
