TN:
SF:src/DocumentEngine.sol
FN:25,DocumentEngine.setDocument
FNDA:21,DocumentEngine.setDocument
DA:31,20
DA:31,20
FN:37,DocumentEngine.removeDocument
FNDA:2,DocumentEngine.removeDocument
DA:41,1
DA:41,1
FN:47,DocumentEngine.batchSetDocuments
FNDA:8,DocumentEngine.batchSetDocuments
DA:54,7
DA:54,7
DA:54,7
DA:54,7
DA:54,7
DA:55,6
DA:55,6
DA:56,5
DA:56,5
DA:57,4
DA:57,4
BRDA:53,0,0,3
BRDA:53,0,1,4
DA:59,3
DA:59,3
DA:61,4
DA:61,4
DA:61,12
DA:61,8
DA:62,8
DA:62,8
FN:69,DocumentEngine.batchRemoveDocuments
FNDA:3,DocumentEngine.batchRemoveDocuments
DA:74,3
DA:74,3
DA:74,3
BRDA:73,1,0,2
BRDA:73,1,1,1
DA:77,2
DA:77,2
DA:80,1
DA:80,1
DA:80,3
DA:80,2
DA:81,2
DA:81,2
FN:88,DocumentEngine.getDocument
FNDA:1,DocumentEngine.getDocument
DA:91,1
DA:91,1
DA:91,1
FN:97,DocumentEngine.getDocument
FNDA:13,DocumentEngine.getDocument
DA:101,13
DA:101,13
DA:101,13
FN:107,DocumentEngine.getAllDocuments
FNDA:1,DocumentEngine.getAllDocuments
DA:113,1
DA:113,1
FN:119,DocumentEngine.getAllDocuments
FNDA:6,DocumentEngine.getAllDocuments
DA:122,6
DA:122,6
FN:132,DocumentEngine._getDocument
FNDA:14,DocumentEngine._getDocument
DA:136,14
DA:136,14
DA:137,14
DA:137,14
FN:143,DocumentEngine._removeDocumentName
FNDA:3,DocumentEngine._removeDocumentName
DA:147,3
DA:147,3
DA:148,3
DA:148,3
DA:148,3
DA:148,0
DA:149,3
DA:149,3
BRDA:149,2,0,-
BRDA:149,2,1,3
DA:150,3
DA:150,3
DA:153,3
DA:153,3
DA:154,3
DA:154,3
FN:159,DocumentEngine._removeDocument
FNDA:3,DocumentEngine._removeDocument
DA:160,3
DA:160,3
DA:161,3
DA:161,3
DA:163,3
DA:163,3
DA:164,3
DA:164,3
FN:167,DocumentEngine._setDocument
FNDA:28,DocumentEngine._setDocument
DA:173,28
DA:173,28
DA:174,28
DA:174,28
BRDA:174,3,0,21
BRDA:174,3,1,28
DA:176,21
DA:176,21
DA:178,28
DA:178,28
DA:179,28
DA:179,28
DA:180,28
DA:180,28
DA:181,28
DA:181,28
FN:188,DocumentEngine.hasRole
FNDA:0,DocumentEngine.hasRole
DA:193,34
DA:193,34
BRDA:193,4,0,31
BRDA:193,4,1,3
DA:194,31
DA:194,31
DA:196,3
DA:196,3
DA:196,3
FNF:13
FNH:12
LF:39
LH:39
BRF:10
BRH:9
end_of_record
